[2018-09-05 00:00:16.075] [DEBUG] platform - GetStatus All! [ { status: 'DOWN', server_hostname: 'peer0.org1.example.com' } ]
[2018-09-05 00:01:15.564] [DEBUG] platform - GetStatus All! [ { status: 'DOWN', server_hostname: 'peer0.org1.example.com' } ]
[2018-09-05 00:02:17.060] [DEBUG] platform - GetStatus All! [ { status: 'DOWN', server_hostname: 'peer0.org1.example.com' } ]
[2018-09-05 00:03:15.461] [DEBUG] platform - GetStatus All! [ { status: 'DOWN', server_hostname: 'peer0.org1.example.com' } ]
[2018-09-05 00:04:15.765] [DEBUG] platform - GetStatus All! [ { status: 'DOWN', server_hostname: 'peer0.org1.example.com' } ]
[2018-09-05 00:05:15.515] [DEBUG] platform - GetStatus All! [ { status: 'DOWN', server_hostname: 'peer0.org1.example.com' } ]
[2018-09-05 00:06:15.608] [DEBUG] platform - GetStatus All! [ { status: 'DOWN', server_hostname: 'peer0.org1.example.com' } ]
[2018-09-05 00:07:15.626] [DEBUG] platform - GetStatus All! [ { status: 'DOWN', server_hostname: 'peer0.org1.example.com' } ]
[2018-09-05 00:08:15.819] [DEBUG] platform - GetStatus All! [ { status: 'DOWN', server_hostname: 'peer0.org1.example.com' } ]
[2018-09-05 00:09:10.982] [DEBUG] platform - GetStatus All! [ { status: 'DOWN', server_hostname: 'peer0.org1.example.com' } ]
[2018-09-05 00:10:15.384] [DEBUG] platform - GetStatus All! [ { status: 'DOWN', server_hostname: 'peer0.org1.example.com' } ]
[2018-09-05 00:11:15.432] [DEBUG] platform - GetStatus All! [ { status: 'DOWN', server_hostname: 'peer0.org1.example.com' } ]
[2018-09-05 00:12:15.399] [DEBUG] platform - GetStatus All! [ { status: 'DOWN', server_hostname: 'peer0.org1.example.com' } ]
[2018-09-05 00:13:15.563] [DEBUG] platform - GetStatus All! [ { status: 'DOWN', server_hostname: 'peer0.org1.example.com' } ]
[2018-09-05 00:14:15.495] [DEBUG] platform - GetStatus All! [ { status: 'DOWN', server_hostname: 'peer0.org1.example.com' } ]
[2018-09-05 00:15:15.434] [DEBUG] platform - GetStatus All! [ { status: 'DOWN', server_hostname: 'peer0.org1.example.com' } ]
[2018-09-05 00:16:15.611] [DEBUG] platform - GetStatus All! [ { status: 'DOWN', server_hostname: 'peer0.org1.example.com' } ]
[2018-09-05 00:17:15.399] [DEBUG] platform - GetStatus All! [ { status: 'DOWN', server_hostname: 'peer0.org1.example.com' } ]
[2018-09-05 00:18:15.534] [DEBUG] platform - GetStatus All! [ { status: 'DOWN', server_hostname: 'peer0.org1.example.com' } ]
[2018-09-05 00:19:15.449] [DEBUG] platform - GetStatus All! [ { status: 'DOWN', server_hostname: 'peer0.org1.example.com' } ]
[2018-09-05 00:20:15.531] [DEBUG] platform - GetStatus All! [ { status: 'DOWN', server_hostname: 'peer0.org1.example.com' } ]
[2018-09-05 00:21:15.314] [DEBUG] platform - GetStatus All! [ { status: 'DOWN', server_hostname: 'peer0.org1.example.com' } ]
[2018-09-05 00:22:15.463] [DEBUG] platform - GetStatus All! [ { status: 'DOWN', server_hostname: 'peer0.org1.example.com' } ]
[2018-09-05 00:23:15.482] [DEBUG] platform - GetStatus All! [ { status: 'DOWN', server_hostname: 'peer0.org1.example.com' } ]
[2018-09-05 00:24:15.397] [DEBUG] platform - GetStatus All! [ { status: 'DOWN', server_hostname: 'peer0.org1.example.com' } ]
[2018-09-05 00:25:15.571] [DEBUG] platform - GetStatus All! [ { status: 'DOWN', server_hostname: 'peer0.org1.example.com' } ]
[2018-09-05 00:26:15.764] [DEBUG] platform - GetStatus All! [ { status: 'DOWN', server_hostname: 'peer0.org1.example.com' } ]
[2018-09-05 00:27:15.600] [DEBUG] platform - GetStatus All! [ { status: 'DOWN', server_hostname: 'peer0.org1.example.com' } ]
[2018-09-05 00:28:15.350] [DEBUG] platform - GetStatus All! [ { status: 'DOWN', server_hostname: 'peer0.org1.example.com' } ]
[2018-09-05 00:29:15.424] [DEBUG] platform - GetStatus All! [ { status: 'DOWN', server_hostname: 'peer0.org1.example.com' } ]
[2018-09-05 09:22:17.863] [DEBUG] FabricConfiguration - Msp ID : Org1MSP
[2018-09-05 09:22:17.875] [DEBUG] FabricConfiguration - Msp ID : Org1MSP
[2018-09-05 09:22:18.057] [INFO] main - Please set logger.setLevel to DEBUG in ./app/helper.js to log the debugging.
[2018-09-05 09:22:18.057] [INFO] main - Please set logger.setLevel to DEBUG in ./app/helper.js to log the debugging.
[2018-09-05 09:22:18.082] [DEBUG] Query - <<< Instantiated Chaincodes >>>
[2018-09-05 09:22:18.082] [DEBUG] Query - name: formation, version: 1.0, path: github.com/formation/go
[2018-09-05 09:22:18.132] [DEBUG] Query - ===========================================
[2018-09-05 09:22:18.132] [DEBUG] Query - ByteBuffer {
  buffer: <Buffer 08 04 12 20 9d de 77 83 4e ba 04 b2 84 45 4e 1d dd 8b 37 88 07 25 c2 73 60 56 a9 be 54 c2 19 af b5 a5 a5 16 1a 20 59 9d 73 5c 26 06 2e a5 98 f5 7c 99 ... >,
  offset: 4,
  markedOffset: -1,
  limit: 36,
  littleEndian: true,
  noAssert: false }
[2018-09-05 09:22:18.133] [DEBUG] Query - ===========================================
[2018-09-05 09:22:18.145] [DEBUG] Query - ===========================================
[2018-09-05 09:22:18.146] [DEBUG] Query - ByteBuffer {
  buffer: <Buffer 08 04 12 20 9d de 77 83 4e ba 04 b2 84 45 4e 1d dd 8b 37 88 07 25 c2 73 60 56 a9 be 54 c2 19 af b5 a5 a5 16 1a 20 59 9d 73 5c 26 06 2e a5 98 f5 7c 99 ... >,
  offset: 4,
  markedOffset: -1,
  limit: 36,
  littleEndian: true,
  noAssert: false }
[2018-09-05 09:22:18.146] [DEBUG] Query - ===========================================
[2018-09-05 09:22:25.233] [DEBUG] platform - GetStatus All! [ { status: 'DOWN', server_hostname: 'peer0.org1.example.com' } ]
[2018-09-05 09:23:30.275] [DEBUG] platform - GetStatus All! [ { status: 'DOWN', server_hostname: 'peer0.org1.example.com' } ]
[2018-09-05 09:24:29.957] [DEBUG] platform - GetStatus All! [ { status: 'DOWN', server_hostname: 'peer0.org1.example.com' } ]
[2018-09-05 09:25:29.964] [DEBUG] platform - GetStatus All! [ { status: 'DOWN', server_hostname: 'peer0.org1.example.com' } ]
[2018-09-05 09:26:29.929] [DEBUG] platform - GetStatus All! [ { status: 'DOWN', server_hostname: 'peer0.org1.example.com' } ]
[2018-09-05 09:27:29.939] [DEBUG] platform - GetStatus All! [ { status: 'DOWN', server_hostname: 'peer0.org1.example.com' } ]
[2018-09-05 09:28:29.949] [DEBUG] platform - GetStatus All! [ { status: 'DOWN', server_hostname: 'peer0.org1.example.com' } ]
[2018-09-05 09:29:29.975] [DEBUG] platform - GetStatus All! [ { status: 'DOWN', server_hostname: 'peer0.org1.example.com' } ]
[2018-09-05 09:30:29.995] [DEBUG] platform - GetStatus All! [ { status: 'DOWN', server_hostname: 'peer0.org1.example.com' } ]
[2018-09-05 09:31:29.946] [DEBUG] platform - GetStatus All! [ { status: 'DOWN', server_hostname: 'peer0.org1.example.com' } ]
[2018-09-05 09:32:29.927] [DEBUG] platform - GetStatus All! [ { status: 'DOWN', server_hostname: 'peer0.org1.example.com' } ]
[2018-09-05 09:33:29.918] [DEBUG] platform - GetStatus All! [ { status: 'DOWN', server_hostname: 'peer0.org1.example.com' } ]
[2018-09-05 09:34:29.917] [DEBUG] platform - GetStatus All! [ { status: 'DOWN', server_hostname: 'peer0.org1.example.com' } ]
[2018-09-05 09:35:29.941] [DEBUG] platform - GetStatus All! [ { status: 'DOWN', server_hostname: 'peer0.org1.example.com' } ]
[2018-09-05 09:36:29.939] [DEBUG] platform - GetStatus All! [ { status: 'DOWN', server_hostname: 'peer0.org1.example.com' } ]
[2018-09-05 09:37:29.940] [DEBUG] platform - GetStatus All! [ { status: 'DOWN', server_hostname: 'peer0.org1.example.com' } ]
[2018-09-05 09:38:29.917] [DEBUG] platform - GetStatus All! [ { status: 'DOWN', server_hostname: 'peer0.org1.example.com' } ]
[2018-09-05 09:39:29.927] [DEBUG] platform - GetStatus All! [ { status: 'DOWN', server_hostname: 'peer0.org1.example.com' } ]
[2018-09-05 09:40:29.949] [DEBUG] platform - GetStatus All! [ { status: 'DOWN', server_hostname: 'peer0.org1.example.com' } ]
[2018-09-05 09:41:29.947] [DEBUG] platform - GetStatus All! [ { status: 'DOWN', server_hostname: 'peer0.org1.example.com' } ]
[2018-09-05 09:42:29.947] [DEBUG] platform - GetStatus All! [ { status: 'DOWN', server_hostname: 'peer0.org1.example.com' } ]
[2018-09-05 09:43:29.958] [DEBUG] platform - GetStatus All! [ { status: 'DOWN', server_hostname: 'peer0.org1.example.com' } ]
[2018-09-05 09:44:29.960] [DEBUG] platform - GetStatus All! [ { status: 'DOWN', server_hostname: 'peer0.org1.example.com' } ]
[2018-09-05 09:45:29.974] [DEBUG] platform - GetStatus All! [ { status: 'DOWN', server_hostname: 'peer0.org1.example.com' } ]
[2018-09-05 09:46:29.988] [DEBUG] platform - GetStatus All! [ { status: 'DOWN', server_hostname: 'peer0.org1.example.com' } ]
[2018-09-05 09:47:29.948] [DEBUG] platform - GetStatus All! [ { status: 'DOWN', server_hostname: 'peer0.org1.example.com' } ]
[2018-09-05 09:48:29.965] [DEBUG] platform - GetStatus All! [ { status: 'DOWN', server_hostname: 'peer0.org1.example.com' } ]
[2018-09-05 09:49:29.977] [DEBUG] platform - GetStatus All! [ { status: 'DOWN', server_hostname: 'peer0.org1.example.com' } ]
[2018-09-05 09:50:30.052] [DEBUG] platform - GetStatus All! [ { status: 'DOWN', server_hostname: 'peer0.org1.example.com' } ]
[2018-09-05 09:51:29.944] [DEBUG] platform - GetStatus All! [ { status: 'DOWN', server_hostname: 'peer0.org1.example.com' } ]
[2018-09-05 09:52:25.655] [DEBUG] platform - GetStatus All! [ { status: 'DOWN', server_hostname: 'peer0.org1.example.com' } ]
[2018-09-05 09:53:29.908] [DEBUG] platform - GetStatus All! [ { status: 'DOWN', server_hostname: 'peer0.org1.example.com' } ]
[2018-09-05 09:54:29.956] [DEBUG] platform - GetStatus All! [ { status: 'DOWN', server_hostname: 'peer0.org1.example.com' } ]
[2018-09-05 09:55:30.013] [DEBUG] platform - GetStatus All! [ { status: 'DOWN', server_hostname: 'peer0.org1.example.com' } ]
[2018-09-05 09:56:29.987] [DEBUG] platform - GetStatus All! [ { status: 'DOWN', server_hostname: 'peer0.org1.example.com' } ]
[2018-09-05 09:57:30.002] [DEBUG] platform - GetStatus All! [ { status: 'DOWN', server_hostname: 'peer0.org1.example.com' } ]
[2018-09-05 09:58:29.937] [DEBUG] platform - GetStatus All! [ { status: 'DOWN', server_hostname: 'peer0.org1.example.com' } ]
[2018-09-05 09:59:29.948] [DEBUG] platform - GetStatus All! [ { status: 'DOWN', server_hostname: 'peer0.org1.example.com' } ]
[2018-09-05 10:00:29.992] [DEBUG] platform - GetStatus All! [ { status: 'DOWN', server_hostname: 'peer0.org1.example.com' } ]
[2018-09-05 10:01:29.940] [DEBUG] platform - GetStatus All! [ { status: 'DOWN', server_hostname: 'peer0.org1.example.com' } ]
[2018-09-05 10:02:30.026] [DEBUG] platform - GetStatus All! [ { status: 'DOWN', server_hostname: 'peer0.org1.example.com' } ]
[2018-09-05 10:03:29.873] [DEBUG] platform - GetStatus All! [ { status: 'DOWN', server_hostname: 'peer0.org1.example.com' } ]
[2018-09-05 10:04:25.613] [DEBUG] platform - GetStatus All! [ { status: 'DOWN', server_hostname: 'peer0.org1.example.com' } ]
