postgres://hppoc:password@127.0.0.1:5432/fabricexplorer


Please open web browser to access ：http://localhost:8080/


pid is 5252


postgres://hppoc:password@127.0.0.1:5432/fabricexplorer

Sync process is started for the network : [network-1] and client : [client-1]
<<<<<<<<<<<<<<<<<<<<<<<<<< Explorer Error >>>>>>>>>>>>>>>>>>>>>
Error :  [ 'Explorer is closing due to channel name [%s] is already exist in DB',
  'mychannel' ]
<<<<<<<<<<<<<<<<<<<<<<<<<< Synchronizer Error >>>>>>>>>>>>>>>>>>>>>
Error :  [ 'Channel name [%s] already exist in DB , Kindly re-run the DB scripts to proceed',
  'mychannel' ]
<<<<<<<<<<<<<<<<<<<<<<<<<< Closing client processor >>>>>>>>>>>>>>>>>>>>>
Received kill signal, shutting down gracefully
<<<<<<<<<<<<<<<<<<<<<<<<<< Closing explorer  >>>>>>>>>>>>>>>>>>>>>
Closed out connections
postgres://hppoc:password@127.0.0.1:5432/fabricexplorer


Please open web browser to access ：http://localhost:8080/


pid is 7578


postgres://hppoc:password@127.0.0.1:5432/fabricexplorer

Sync process is started for the network : [network-1] and client : [client-1]
Insert sql is INSERT INTO channel  ( "name","createdt","blocks","trans","channel_hash","channel_genesis_hash" ) VALUES( $1,$2,$3,$4,$5,$6  ) RETURNING *;
INSERT ID: 3
Insert sql is INSERT INTO peer  ( "mspid","requests","events","server_hostname","channel_genesis_hash","peer_type" ) VALUES( $1,$2,$3,$4,$5,$6  ) RETURNING *;
INSERT ID: 1
Insert sql is INSERT INTO peer_ref_channel  ( "peerid","channelid" ) VALUES( $1,$2  ) RETURNING *;
INSERT ID: 1
Insert sql is INSERT INTO peer  ( "mspid","requests","events","server_hostname","channel_genesis_hash","peer_type" ) VALUES( $1,$2,$3,$4,$5,$6  ) RETURNING *;
INSERT ID: 2
Insert sql is INSERT INTO peer_ref_channel  ( "peerid","channelid" ) VALUES( $1,$2  ) RETURNING *;
INSERT ID: 2
Insert sql is INSERT INTO peer  ( "mspid","requests","events","server_hostname","channel_genesis_hash","peer_type" ) VALUES( $1,$2,$3,$4,$5,$6  ) RETURNING *;
INSERT ID: 3
Insert sql is INSERT INTO peer_ref_channel  ( "peerid","channelid" ) VALUES( $1,$2  ) RETURNING *;
INSERT ID: 3
Insert sql is INSERT INTO peer  ( "mspid","requests","events","server_hostname","channel_genesis_hash","peer_type" ) VALUES( $1,$2,$3,$4,$5,$6  ) RETURNING *;
INSERT ID: 4
Insert sql is INSERT INTO peer_ref_channel  ( "peerid","channelid" ) VALUES( $1,$2  ) RETURNING *;
INSERT ID: 4
Insert sql is INSERT INTO peer  ( "mspid","requests","server_hostname","channel_genesis_hash","peer_type" ) VALUES( $1,$2,$3,$4,$5  ) RETURNING *;
INSERT ID: 5
Insert sql is INSERT INTO peer_ref_channel  ( "peerid","channelid" ) VALUES( $1,$2  ) RETURNING *;
INSERT ID: 5
Insert sql is INSERT INTO chaincodes  ( "name","version","path","txcount","createdt","channel_genesis_hash" ) VALUES( $1,$2,$3,$4,$5,$6  ) RETURNING *;
INSERT ID: 10
Insert sql is INSERT INTO peer_ref_chaincode  ( "chaincodeid","cc_version","peerid","channelid" ) VALUES( $1,$2,$3,$4  ) RETURNING *;
INSERT ID: 1
Insert sql is INSERT INTO peer_ref_chaincode  ( "chaincodeid","cc_version","peerid","channelid" ) VALUES( $1,$2,$3,$4  ) RETURNING *;
INSERT ID: 2


Synchronizer pid is 7601


read_set length 176
write_set size >>>>>>>>> :  0.5026159286499023 MB
Insert sql is INSERT INTO transactions  ( "blockid","txhash","createdt","chaincodename","chaincode_id","status","creator_msp_id","endorser_msp_id","type","read_set","write_set","channel_genesis_hash","validation_code","envelope_signature","payload_extension","creator_nonce","chaincode_proposal_input","endorser_signature","creator_id_bytes","payload_proposal_hash","endorser_id_bytes" ) VALUES( $1,$2,$3,$4,$5,$6,$7,$8,$9,$10,$11,$12,$13,$14,$15,$16,$17,$18,$19,$20,$21  ) RETURNING *;
INSERT ID: 6
Insert sql is INSERT INTO blocks  ( "blocknum","datahash","prehash","txcount","createdt","prev_blockhash","blockhash","channel_genesis_hash" ) VALUES( $1,$2,$3,$4,$5,$6,$7,$8  ) RETURNING *;
INSERT ID: 1
Insert sql is INSERT INTO transactions  ( "blockid","txhash","createdt","chaincodename","chaincode_id","status","creator_msp_id","endorser_msp_id","type","read_set","write_set","channel_genesis_hash","validation_code","envelope_signature","payload_extension","creator_nonce","chaincode_proposal_input","endorser_signature","creator_id_bytes","payload_proposal_hash","endorser_id_bytes" ) VALUES( $1,$2,$3,$4,$5,$6,$7,$8,$9,$10,$11,$12,$13,$14,$15,$16,$17,$18,$19,$20,$21  ) RETURNING *;
INSERT ID: 7
Insert sql is INSERT INTO blocks  ( "blocknum","datahash","prehash","txcount","createdt","prev_blockhash","blockhash","channel_genesis_hash" ) VALUES( $1,$2,$3,$4,$5,$6,$7,$8  ) RETURNING *;
INSERT ID: 2
Insert sql is INSERT INTO transactions  ( "blockid","txhash","createdt","chaincodename","chaincode_id","status","creator_msp_id","endorser_msp_id","type","read_set","write_set","channel_genesis_hash","validation_code","envelope_signature","payload_extension","creator_nonce","chaincode_proposal_input","endorser_signature","creator_id_bytes","payload_proposal_hash","endorser_id_bytes" ) VALUES( $1,$2,$3,$4,$5,$6,$7,$8,$9,$10,$11,$12,$13,$14,$15,$16,$17,$18,$19,$20,$21  ) RETURNING *;
INSERT ID: 8
Insert sql is INSERT INTO blocks  ( "blocknum","datahash","prehash","txcount","createdt","prev_blockhash","blockhash","channel_genesis_hash" ) VALUES( $1,$2,$3,$4,$5,$6,$7,$8  ) RETURNING *;
INSERT ID: 3
Insert sql is INSERT INTO transactions  ( "blockid","txhash","createdt","chaincodename","chaincode_id","status","creator_msp_id","endorser_msp_id","type","read_set","write_set","channel_genesis_hash","validation_code","envelope_signature","payload_extension","creator_nonce","chaincode_proposal_input","endorser_signature","creator_id_bytes","payload_proposal_hash","endorser_id_bytes" ) VALUES( $1,$2,$3,$4,$5,$6,$7,$8,$9,$10,$11,$12,$13,$14,$15,$16,$17,$18,$19,$20,$21  ) RETURNING *;
INSERT ID: 9
Insert sql is INSERT INTO blocks  ( "blocknum","datahash","prehash","txcount","createdt","prev_blockhash","blockhash","channel_genesis_hash" ) VALUES( $1,$2,$3,$4,$5,$6,$7,$8  ) RETURNING *;
INSERT ID: 4
[31merror[39m: [Channel.js]: Channel:mychannel received discovery error:access denied
[31merror[39m: [Channel.js]: Channel:mychannel received discovery error:access denied
[31merror[39m: [Admin.js]: GetStatus - timed out after:45000
[31merror[39m: [Channel.js]: Channel:mychannel received discovery error:access denied
[31merror[39m: [Admin.js]: GetStatus - timed out after:45000
[31merror[39m: [Channel.js]: Channel:mychannel received discovery error:access denied
[31merror[39m: [Admin.js]: GetStatus - timed out after:45000
[31merror[39m: [Channel.js]: Channel:mychannel received discovery error:access denied
[31merror[39m: [Admin.js]: GetStatus - timed out after:45000
[31merror[39m: [Admin.js]: GetStatus - timed out after:45000
[31merror[39m: [Channel.js]: Channel:mychannel received discovery error:access denied
[31merror[39m: [Admin.js]: GetStatus - timed out after:45000
[31merror[39m: [Remote.js]: Error: Failed to connect before the deadline
[31merror[39m: [Admin.js]: GetStatus - timed out after:45000
[31merror[39m: [Channel.js]: Channel:mychannel received discovery error:access denied
[31merror[39m: [Admin.js]: GetStatus - timed out after:45000
[31merror[39m: [Channel.js]: Channel:mychannel received discovery error:access denied
[31merror[39m: [Admin.js]: GetStatus - timed out after:45000
[31merror[39m: [Admin.js]: GetStatus - timed out after:45000
[31merror[39m: [Channel.js]: Channel:mychannel received discovery error:access denied
[31merror[39m: [Admin.js]: GetStatus - timed out after:45000
[31merror[39m: [Channel.js]: Channel:mychannel received discovery error:access denied
[31merror[39m: [Admin.js]: GetStatus - timed out after:45000
[31merror[39m: [Admin.js]: GetStatus - timed out after:45000
[31merror[39m: [Channel.js]: Channel:mychannel received discovery error:access denied
[31merror[39m: [Admin.js]: GetStatus - timed out after:45000
[31merror[39m: [Channel.js]: Channel:mychannel received discovery error:access denied
[31merror[39m: [Admin.js]: GetStatus - timed out after:45000
[31merror[39m: [Channel.js]: Channel:mychannel received discovery error:access denied
[31merror[39m: [Admin.js]: GetStatus - timed out after:45000
[31merror[39m: [Admin.js]: GetStatus - timed out after:45000
[31merror[39m: [Channel.js]: Channel:mychannel received discovery error:access denied
[31merror[39m: [Admin.js]: GetStatus - timed out after:45000
[31merror[39m: [Channel.js]: Channel:mychannel received discovery error:access denied
[31merror[39m: [Admin.js]: GetStatus - timed out after:45000
[31merror[39m: [Admin.js]: GetStatus - timed out after:45000
[31merror[39m: [Channel.js]: Channel:mychannel received discovery error:access denied
[31merror[39m: [Admin.js]: GetStatus - timed out after:45000
[31merror[39m: [Channel.js]: Channel:mychannel received discovery error:access denied
[31merror[39m: [Admin.js]: GetStatus - timed out after:45000
[31merror[39m: [Admin.js]: GetStatus - timed out after:45000
[31merror[39m: [Channel.js]: Channel:mychannel received discovery error:access denied
[31merror[39m: [Channel.js]: Channel:mychannel received discovery error:access denied
[31merror[39m: [Admin.js]: GetStatus - timed out after:45000
[31merror[39m: [Admin.js]: GetStatus - timed out after:45000
[31merror[39m: [Channel.js]: Channel:mychannel received discovery error:access denied
[31merror[39m: [Channel.js]: Channel:mychannel received discovery error:access denied
[31merror[39m: [Admin.js]: GetStatus - timed out after:45000
[31merror[39m: [Admin.js]: GetStatus - timed out after:45000
Received kill signal, shutting down gracefully
<<<<<<<<<<<<<<<<<<<<<<<<<< Closing explorer  >>>>>>>>>>>>>>>>>>>>>
<<<<<<<<<<<<<<<<<<<<<<<<<< Closing client processor >>>>>>>>>>>>>>>>>>>>>
Closed out connections
<<<<<<<<<<<<<<<<<<<<<<<<<< Closing client processor >>>>>>>>>>>>>>>>>>>>>
postgres://hppoc:password@127.0.0.1:5432/fabricexplorer


Please open web browser to access ：http://localhost:8080/


pid is 30637


postgres://hppoc:password@127.0.0.1:5432/fabricexplorer

Sync process is started for the network : [network-1] and client : [client-1]
Insert sql is INSERT INTO channel  ( "name","createdt","blocks","trans","channel_hash","channel_genesis_hash" ) VALUES( $1,$2,$3,$4,$5,$6  ) RETURNING *;
INSERT ID: 3
Insert sql is INSERT INTO peer  ( "mspid","requests","events","server_hostname","channel_genesis_hash","peer_type" ) VALUES( $1,$2,$3,$4,$5,$6  ) RETURNING *;
INSERT ID: 1
Insert sql is INSERT INTO peer_ref_channel  ( "peerid","channelid" ) VALUES( $1,$2  ) RETURNING *;
INSERT ID: 1
Insert sql is INSERT INTO peer  ( "mspid","requests","events","server_hostname","channel_genesis_hash","peer_type" ) VALUES( $1,$2,$3,$4,$5,$6  ) RETURNING *;
INSERT ID: 2
Insert sql is INSERT INTO peer_ref_channel  ( "peerid","channelid" ) VALUES( $1,$2  ) RETURNING *;
INSERT ID: 2
Insert sql is INSERT INTO peer  ( "mspid","requests","server_hostname","channel_genesis_hash","peer_type" ) VALUES( $1,$2,$3,$4,$5  ) RETURNING *;
INSERT ID: 3
Insert sql is INSERT INTO peer_ref_channel  ( "peerid","channelid" ) VALUES( $1,$2  ) RETURNING *;
INSERT ID: 3
Insert sql is INSERT INTO chaincodes  ( "name","version","path","txcount","createdt","channel_genesis_hash" ) VALUES( $1,$2,$3,$4,$5,$6  ) RETURNING *;
INSERT ID: 10
Insert sql is INSERT INTO peer_ref_chaincode  ( "chaincodeid","cc_version","peerid","channelid" ) VALUES( $1,$2,$3,$4  ) RETURNING *;
INSERT ID: 1
Insert sql is INSERT INTO peer_ref_chaincode  ( "chaincodeid","cc_version","peerid","channelid" ) VALUES( $1,$2,$3,$4  ) RETURNING *;
INSERT ID: 2


Synchronizer pid is 30668


read_set length 363
write_set size >>>>>>>>> :  0.5007867813110352 MB
Insert sql is INSERT INTO transactions  ( "blockid","txhash","createdt","chaincodename","chaincode_id","status","creator_msp_id","endorser_msp_id","type","read_set","write_set","channel_genesis_hash","validation_code","envelope_signature","payload_extension","creator_nonce","chaincode_proposal_input","endorser_signature","creator_id_bytes","payload_proposal_hash","endorser_id_bytes" ) VALUES( $1,$2,$3,$4,$5,$6,$7,$8,$9,$10,$11,$12,$13,$14,$15,$16,$17,$18,$19,$20,$21  ) RETURNING *;
INSERT ID: 6
Insert sql is INSERT INTO blocks  ( "blocknum","datahash","prehash","txcount","createdt","prev_blockhash","blockhash","channel_genesis_hash" ) VALUES( $1,$2,$3,$4,$5,$6,$7,$8  ) RETURNING *;
INSERT ID: 1
Insert sql is INSERT INTO transactions  ( "blockid","txhash","createdt","chaincodename","chaincode_id","status","creator_msp_id","endorser_msp_id","type","read_set","write_set","channel_genesis_hash","validation_code","envelope_signature","payload_extension","creator_nonce","chaincode_proposal_input","endorser_signature","creator_id_bytes","payload_proposal_hash","endorser_id_bytes" ) VALUES( $1,$2,$3,$4,$5,$6,$7,$8,$9,$10,$11,$12,$13,$14,$15,$16,$17,$18,$19,$20,$21  ) RETURNING *;
INSERT ID: 7
Insert sql is INSERT INTO blocks  ( "blocknum","datahash","prehash","txcount","createdt","prev_blockhash","blockhash","channel_genesis_hash" ) VALUES( $1,$2,$3,$4,$5,$6,$7,$8  ) RETURNING *;
INSERT ID: 2
Broadcast >> {"title":"Block 0 Added","type":"block","message":"Block 0 established with 1 tx","time":"2018-09-14T08:12:20.000Z","txcount":1,"datahash":"6f915b1adcc1dc6457c524b43a10da01aca8c6fa71e89a4cb21e047884419360"}
Insert sql is INSERT INTO transactions  ( "blockid","txhash","createdt","chaincodename","chaincode_id","status","creator_msp_id","endorser_msp_id","type","read_set","write_set","channel_genesis_hash","validation_code","envelope_signature","payload_extension","creator_nonce","chaincode_proposal_input","endorser_signature","creator_id_bytes","payload_proposal_hash","endorser_id_bytes" ) VALUES( $1,$2,$3,$4,$5,$6,$7,$8,$9,$10,$11,$12,$13,$14,$15,$16,$17,$18,$19,$20,$21  ) RETURNING *;
INSERT ID: 8
Insert sql is INSERT INTO blocks  ( "blocknum","datahash","prehash","txcount","createdt","prev_blockhash","blockhash","channel_genesis_hash" ) VALUES( $1,$2,$3,$4,$5,$6,$7,$8  ) RETURNING *;
INSERT ID: 3
Broadcast >> {"title":"Block 1 Added","type":"block","message":"Block 1 established with 1 tx","time":"2018-09-14T08:12:27.000Z","txcount":1,"datahash":"0b5feb1eee90b32823898acee5470f589acf75979f36bb56a8ddb71f6499ecc6"}
Insert sql is INSERT INTO transactions  ( "blockid","txhash","createdt","chaincodename","chaincode_id","status","creator_msp_id","endorser_msp_id","type","read_set","write_set","channel_genesis_hash","validation_code","envelope_signature","payload_extension","creator_nonce","chaincode_proposal_input","endorser_signature","creator_id_bytes","payload_proposal_hash","endorser_id_bytes" ) VALUES( $1,$2,$3,$4,$5,$6,$7,$8,$9,$10,$11,$12,$13,$14,$15,$16,$17,$18,$19,$20,$21  ) RETURNING *;
INSERT ID: 9
Insert sql is INSERT INTO blocks  ( "blocknum","datahash","prehash","txcount","createdt","prev_blockhash","blockhash","channel_genesis_hash" ) VALUES( $1,$2,$3,$4,$5,$6,$7,$8  ) RETURNING *;
INSERT ID: 4
Broadcast >> {"title":"Block 2 Added","type":"block","message":"Block 2 established with 1 tx","time":"2018-09-14T08:12:30.000Z","txcount":1,"datahash":"86267d1bf5e1c6cdcbb5989f7bf0fa78580cba2f72264cc8b37adf64c25fc67a"}
read_set length 176
write_set size >>>>>>>>> :  0.5026159286499023 MB
Insert sql is INSERT INTO transactions  ( "blockid","txhash","createdt","chaincodename","chaincode_id","status","creator_msp_id","endorser_msp_id","type","read_set","write_set","channel_genesis_hash","validation_code","envelope_signature","payload_extension","creator_nonce","chaincode_proposal_input","endorser_signature","creator_id_bytes","payload_proposal_hash","endorser_id_bytes" ) VALUES( $1,$2,$3,$4,$5,$6,$7,$8,$9,$10,$11,$12,$13,$14,$15,$16,$17,$18,$19,$20,$21  ) RETURNING *;
INSERT ID: 10
Insert sql is INSERT INTO blocks  ( "blocknum","datahash","prehash","txcount","createdt","prev_blockhash","blockhash","channel_genesis_hash" ) VALUES( $1,$2,$3,$4,$5,$6,$7,$8  ) RETURNING *;
INSERT ID: 5
Broadcast >> {"title":"Block 3 Added","type":"block","message":"Block 3 established with 1 tx","time":"2018-09-14T08:12:34.000Z","txcount":1,"datahash":"9b616bd9b05d36ec566b10aa34cf462c136f810855a9e2ce66ec12d48bd9ac29"}
read_set length 362
write_set size >>>>>>>>> :  0.5007772445678711 MB
Insert sql is INSERT INTO transactions  ( "blockid","txhash","createdt","chaincodename","chaincode_id","status","creator_msp_id","endorser_msp_id","type","read_set","write_set","channel_genesis_hash","validation_code","envelope_signature","payload_extension","creator_nonce","chaincode_proposal_input","endorser_signature","creator_id_bytes","payload_proposal_hash","endorser_id_bytes" ) VALUES( $1,$2,$3,$4,$5,$6,$7,$8,$9,$10,$11,$12,$13,$14,$15,$16,$17,$18,$19,$20,$21  ) RETURNING *;
INSERT ID: 11
Insert sql is INSERT INTO blocks  ( "blocknum","datahash","prehash","txcount","createdt","prev_blockhash","blockhash","channel_genesis_hash" ) VALUES( $1,$2,$3,$4,$5,$6,$7,$8  ) RETURNING *;
INSERT ID: 6
Broadcast >> {"title":"Block 4 Added","type":"block","message":"Block 4 established with 1 tx","time":"2018-09-14T08:20:46.000Z","txcount":1,"datahash":"9a27da3ccdf302aa8dee6b78a0dc2102607ee23a8b1e5f62dd13697f86c6eddf"}
read_set length 362
write_set size >>>>>>>>> :  0.5007791519165039 MB
Insert sql is INSERT INTO transactions  ( "blockid","txhash","createdt","chaincodename","chaincode_id","status","creator_msp_id","endorser_msp_id","type","read_set","write_set","channel_genesis_hash","validation_code","envelope_signature","payload_extension","creator_nonce","chaincode_proposal_input","endorser_signature","creator_id_bytes","payload_proposal_hash","endorser_id_bytes" ) VALUES( $1,$2,$3,$4,$5,$6,$7,$8,$9,$10,$11,$12,$13,$14,$15,$16,$17,$18,$19,$20,$21  ) RETURNING *;
INSERT ID: 12
Insert sql is INSERT INTO blocks  ( "blocknum","datahash","prehash","txcount","createdt","prev_blockhash","blockhash","channel_genesis_hash" ) VALUES( $1,$2,$3,$4,$5,$6,$7,$8  ) RETURNING *;
INSERT ID: 7
Broadcast >> {"title":"Block 5 Added","type":"block","message":"Block 5 established with 1 tx","time":"2018-09-14T08:22:53.000Z","txcount":1,"datahash":"0b3d2c05503fbb9bb51a0acde88f9f090463cb9b8a1577bccaca586ee7bbe7dd"}
read_set length 362
write_set size >>>>>>>>> :  0.5007810592651367 MB
Insert sql is INSERT INTO transactions  ( "blockid","txhash","createdt","chaincodename","chaincode_id","status","creator_msp_id","endorser_msp_id","type","read_set","write_set","channel_genesis_hash","validation_code","envelope_signature","payload_extension","creator_nonce","chaincode_proposal_input","endorser_signature","creator_id_bytes","payload_proposal_hash","endorser_id_bytes" ) VALUES( $1,$2,$3,$4,$5,$6,$7,$8,$9,$10,$11,$12,$13,$14,$15,$16,$17,$18,$19,$20,$21  ) RETURNING *;
INSERT ID: 13
Insert sql is INSERT INTO blocks  ( "blocknum","datahash","prehash","txcount","createdt","prev_blockhash","blockhash","channel_genesis_hash" ) VALUES( $1,$2,$3,$4,$5,$6,$7,$8  ) RETURNING *;
INSERT ID: 8
Broadcast >> {"title":"Block 6 Added","type":"block","message":"Block 6 established with 1 tx","time":"2018-09-14T08:22:59.000Z","txcount":1,"datahash":"a7e724b312205edc3d46c5d2b8c79463853fc392a0d8b6076e2ca62c4c6d267f"}
read_set length 362
write_set size >>>>>>>>> :  0.5007810592651367 MB
Insert sql is INSERT INTO transactions  ( "blockid","txhash","createdt","chaincodename","chaincode_id","status","creator_msp_id","endorser_msp_id","type","read_set","write_set","channel_genesis_hash","validation_code","envelope_signature","payload_extension","creator_nonce","chaincode_proposal_input","endorser_signature","creator_id_bytes","payload_proposal_hash","endorser_id_bytes" ) VALUES( $1,$2,$3,$4,$5,$6,$7,$8,$9,$10,$11,$12,$13,$14,$15,$16,$17,$18,$19,$20,$21  ) RETURNING *;
INSERT ID: 14
Insert sql is INSERT INTO blocks  ( "blocknum","datahash","prehash","txcount","createdt","prev_blockhash","blockhash","channel_genesis_hash" ) VALUES( $1,$2,$3,$4,$5,$6,$7,$8  ) RETURNING *;
INSERT ID: 9
Broadcast >> {"title":"Block 7 Added","type":"block","message":"Block 7 established with 1 tx","time":"2018-09-14T08:23:09.000Z","txcount":1,"datahash":"86659931787691f31baa69103feb3df2ed3248e2f7b7206c69bacd42ab7b33d8"}
read_set length 362
write_set size >>>>>>>>> :  0.5007810592651367 MB
Insert sql is INSERT INTO transactions  ( "blockid","txhash","createdt","chaincodename","chaincode_id","status","creator_msp_id","endorser_msp_id","type","read_set","write_set","channel_genesis_hash","validation_code","envelope_signature","payload_extension","creator_nonce","chaincode_proposal_input","endorser_signature","creator_id_bytes","payload_proposal_hash","endorser_id_bytes" ) VALUES( $1,$2,$3,$4,$5,$6,$7,$8,$9,$10,$11,$12,$13,$14,$15,$16,$17,$18,$19,$20,$21  ) RETURNING *;
INSERT ID: 15
Insert sql is INSERT INTO blocks  ( "blocknum","datahash","prehash","txcount","createdt","prev_blockhash","blockhash","channel_genesis_hash" ) VALUES( $1,$2,$3,$4,$5,$6,$7,$8  ) RETURNING *;
INSERT ID: 10
Broadcast >> {"title":"Block 8 Added","type":"block","message":"Block 8 established with 1 tx","time":"2018-09-14T08:23:11.000Z","txcount":1,"datahash":"f6302edf802e954a267ed4c8327d8b81404c6654e00cca28e714aad6fd60d7c2"}
read_set length 362
write_set size >>>>>>>>> :  0.5007820129394531 MB
Insert sql is INSERT INTO transactions  ( "blockid","txhash","createdt","chaincodename","chaincode_id","status","creator_msp_id","endorser_msp_id","type","read_set","write_set","channel_genesis_hash","validation_code","envelope_signature","payload_extension","creator_nonce","chaincode_proposal_input","endorser_signature","creator_id_bytes","payload_proposal_hash","endorser_id_bytes" ) VALUES( $1,$2,$3,$4,$5,$6,$7,$8,$9,$10,$11,$12,$13,$14,$15,$16,$17,$18,$19,$20,$21  ) RETURNING *;
INSERT ID: 16
Insert sql is INSERT INTO blocks  ( "blocknum","datahash","prehash","txcount","createdt","prev_blockhash","blockhash","channel_genesis_hash" ) VALUES( $1,$2,$3,$4,$5,$6,$7,$8  ) RETURNING *;
INSERT ID: 11
Broadcast >> {"title":"Block 9 Added","type":"block","message":"Block 9 established with 1 tx","time":"2018-09-14T08:23:14.000Z","txcount":1,"datahash":"bc14a4ff8642c79076cc38bae805e31a3125f450b0e6d11fb6dd1ff4286d2aa3"}
read_set length 362
write_set size >>>>>>>>> :  0.5007820129394531 MB
Insert sql is INSERT INTO transactions  ( "blockid","txhash","createdt","chaincodename","chaincode_id","status","creator_msp_id","endorser_msp_id","type","read_set","write_set","channel_genesis_hash","validation_code","envelope_signature","payload_extension","creator_nonce","chaincode_proposal_input","endorser_signature","creator_id_bytes","payload_proposal_hash","endorser_id_bytes" ) VALUES( $1,$2,$3,$4,$5,$6,$7,$8,$9,$10,$11,$12,$13,$14,$15,$16,$17,$18,$19,$20,$21  ) RETURNING *;
INSERT ID: 17
Insert sql is INSERT INTO blocks  ( "blocknum","datahash","prehash","txcount","createdt","prev_blockhash","blockhash","channel_genesis_hash" ) VALUES( $1,$2,$3,$4,$5,$6,$7,$8  ) RETURNING *;
INSERT ID: 12
Broadcast >> {"title":"Block 10 Added","type":"block","message":"Block 10 established with 1 tx","time":"2018-09-14T08:23:18.000Z","txcount":1,"datahash":"8969b35b86cd556c5548cca910d8cd4ddd6f99acb4059583271edb7c6e8ab746"}
read_set length 362
write_set size >>>>>>>>> :  0.5007791519165039 MB
Insert sql is INSERT INTO transactions  ( "blockid","txhash","createdt","chaincodename","chaincode_id","status","creator_msp_id","endorser_msp_id","type","read_set","write_set","channel_genesis_hash","validation_code","envelope_signature","payload_extension","creator_nonce","chaincode_proposal_input","endorser_signature","creator_id_bytes","payload_proposal_hash","endorser_id_bytes" ) VALUES( $1,$2,$3,$4,$5,$6,$7,$8,$9,$10,$11,$12,$13,$14,$15,$16,$17,$18,$19,$20,$21  ) RETURNING *;
INSERT ID: 18
Insert sql is INSERT INTO blocks  ( "blocknum","datahash","prehash","txcount","createdt","prev_blockhash","blockhash","channel_genesis_hash" ) VALUES( $1,$2,$3,$4,$5,$6,$7,$8  ) RETURNING *;
INSERT ID: 13
Broadcast >> {"title":"Block 11 Added","type":"block","message":"Block 11 established with 1 tx","time":"2018-09-14T08:23:21.000Z","txcount":1,"datahash":"cff9c0b491b90b16998995c140e10498e1a23a0323e4bbfbb79b0bb4e8acab06"}
read_set length 362
write_set size >>>>>>>>> :  0.5007781982421875 MB
Insert sql is INSERT INTO transactions  ( "blockid","txhash","createdt","chaincodename","chaincode_id","status","creator_msp_id","endorser_msp_id","type","read_set","write_set","channel_genesis_hash","validation_code","envelope_signature","payload_extension","creator_nonce","chaincode_proposal_input","endorser_signature","creator_id_bytes","payload_proposal_hash","endorser_id_bytes" ) VALUES( $1,$2,$3,$4,$5,$6,$7,$8,$9,$10,$11,$12,$13,$14,$15,$16,$17,$18,$19,$20,$21  ) RETURNING *;
INSERT ID: 19
Insert sql is INSERT INTO blocks  ( "blocknum","datahash","prehash","txcount","createdt","prev_blockhash","blockhash","channel_genesis_hash" ) VALUES( $1,$2,$3,$4,$5,$6,$7,$8  ) RETURNING *;
INSERT ID: 14
Broadcast >> {"title":"Block 12 Added","type":"block","message":"Block 12 established with 1 tx","time":"2018-09-14T08:23:23.000Z","txcount":1,"datahash":"946fca6a2a4fb57c5a9f300fe7d77fdc2737f3a2d882b0b1b86aaf430c714f96"}
read_set length 235
write_set size >>>>>>>>> :  0.5007867813110352 MB
Insert sql is INSERT INTO transactions  ( "blockid","txhash","createdt","chaincodename","chaincode_id","status","creator_msp_id","endorser_msp_id","type","read_set","write_set","channel_genesis_hash","validation_code","envelope_signature","payload_extension","creator_nonce","chaincode_proposal_input","endorser_signature","creator_id_bytes","payload_proposal_hash","endorser_id_bytes" ) VALUES( $1,$2,$3,$4,$5,$6,$7,$8,$9,$10,$11,$12,$13,$14,$15,$16,$17,$18,$19,$20,$21  ) RETURNING *;
INSERT ID: 20
Insert sql is INSERT INTO blocks  ( "blocknum","datahash","prehash","txcount","createdt","prev_blockhash","blockhash","channel_genesis_hash" ) VALUES( $1,$2,$3,$4,$5,$6,$7,$8  ) RETURNING *;
INSERT ID: 15
Broadcast >> {"title":"Block 13 Added","type":"block","message":"Block 13 established with 1 tx","time":"2018-09-14T08:24:17.000Z","txcount":1,"datahash":"4d4dd81224f675709adeb1c35c356459c802b6a77ef2ab561c5c07b82fa19f95"}
read_set length 235
write_set size >>>>>>>>> :  0.5007867813110352 MB
Insert sql is INSERT INTO transactions  ( "blockid","txhash","createdt","chaincodename","chaincode_id","status","creator_msp_id","endorser_msp_id","type","read_set","write_set","channel_genesis_hash","validation_code","envelope_signature","payload_extension","creator_nonce","chaincode_proposal_input","endorser_signature","creator_id_bytes","payload_proposal_hash","endorser_id_bytes" ) VALUES( $1,$2,$3,$4,$5,$6,$7,$8,$9,$10,$11,$12,$13,$14,$15,$16,$17,$18,$19,$20,$21  ) RETURNING *;
INSERT ID: 21
Insert sql is INSERT INTO blocks  ( "blocknum","datahash","prehash","txcount","createdt","prev_blockhash","blockhash","channel_genesis_hash" ) VALUES( $1,$2,$3,$4,$5,$6,$7,$8  ) RETURNING *;
INSERT ID: 16
Broadcast >> {"title":"Block 14 Added","type":"block","message":"Block 14 established with 1 tx","time":"2018-09-14T08:24:24.000Z","txcount":1,"datahash":"a3f6ac022171d592a2700e15437fa7faee92753d31aa761051a7e314687892e5"}
read_set length 235
write_set size >>>>>>>>> :  0.5007867813110352 MB
Insert sql is INSERT INTO transactions  ( "blockid","txhash","createdt","chaincodename","chaincode_id","status","creator_msp_id","endorser_msp_id","type","read_set","write_set","channel_genesis_hash","validation_code","envelope_signature","payload_extension","creator_nonce","chaincode_proposal_input","endorser_signature","creator_id_bytes","payload_proposal_hash","endorser_id_bytes" ) VALUES( $1,$2,$3,$4,$5,$6,$7,$8,$9,$10,$11,$12,$13,$14,$15,$16,$17,$18,$19,$20,$21  ) RETURNING *;
INSERT ID: 22
Insert sql is INSERT INTO blocks  ( "blocknum","datahash","prehash","txcount","createdt","prev_blockhash","blockhash","channel_genesis_hash" ) VALUES( $1,$2,$3,$4,$5,$6,$7,$8  ) RETURNING *;
INSERT ID: 17
Broadcast >> {"title":"Block 15 Added","type":"block","message":"Block 15 established with 1 tx","time":"2018-09-14T08:24:29.000Z","txcount":1,"datahash":"46b32a4884e1f4efedafc98fb66ab2842494c466c42137dd777c8f79403aa458"}
read_set length 363
write_set size >>>>>>>>> :  0.5007867813110352 MB
Insert sql is INSERT INTO transactions  ( "blockid","txhash","createdt","chaincodename","chaincode_id","status","creator_msp_id","endorser_msp_id","type","read_set","write_set","channel_genesis_hash","validation_code","envelope_signature","payload_extension","creator_nonce","chaincode_proposal_input","endorser_signature","creator_id_bytes","payload_proposal_hash","endorser_id_bytes" ) VALUES( $1,$2,$3,$4,$5,$6,$7,$8,$9,$10,$11,$12,$13,$14,$15,$16,$17,$18,$19,$20,$21  ) RETURNING *;
INSERT ID: 23
read_set length 363
write_set size >>>>>>>>> :  0.5007867813110352 MB
Insert sql is INSERT INTO transactions  ( "blockid","txhash","createdt","chaincodename","chaincode_id","status","creator_msp_id","endorser_msp_id","type","read_set","write_set","channel_genesis_hash","validation_code","envelope_signature","payload_extension","creator_nonce","chaincode_proposal_input","endorser_signature","creator_id_bytes","payload_proposal_hash","endorser_id_bytes" ) VALUES( $1,$2,$3,$4,$5,$6,$7,$8,$9,$10,$11,$12,$13,$14,$15,$16,$17,$18,$19,$20,$21  ) RETURNING *;
INSERT ID: 24
Insert sql is INSERT INTO blocks  ( "blocknum","datahash","prehash","txcount","createdt","prev_blockhash","blockhash","channel_genesis_hash" ) VALUES( $1,$2,$3,$4,$5,$6,$7,$8  ) RETURNING *;
INSERT ID: 18
Broadcast >> {"title":"Block 16 Added","type":"block","message":"Block 16 established with 2 tx","time":"2018-09-14T08:24:50.000Z","txcount":2,"datahash":"1eb3769fe4c5b2d8916562a12352fb0a040a8bb87be7cbb836b719bbda17a0cc"}
read_set length 235
write_set size >>>>>>>>> :  0.5007877349853516 MB
Insert sql is INSERT INTO transactions  ( "blockid","txhash","createdt","chaincodename","chaincode_id","status","creator_msp_id","endorser_msp_id","type","read_set","write_set","channel_genesis_hash","validation_code","envelope_signature","payload_extension","creator_nonce","chaincode_proposal_input","endorser_signature","creator_id_bytes","payload_proposal_hash","endorser_id_bytes" ) VALUES( $1,$2,$3,$4,$5,$6,$7,$8,$9,$10,$11,$12,$13,$14,$15,$16,$17,$18,$19,$20,$21  ) RETURNING *;
INSERT ID: 25
Insert sql is INSERT INTO blocks  ( "blocknum","datahash","prehash","txcount","createdt","prev_blockhash","blockhash","channel_genesis_hash" ) VALUES( $1,$2,$3,$4,$5,$6,$7,$8  ) RETURNING *;
INSERT ID: 19
Broadcast >> {"title":"Block 18 Added","type":"block","message":"Block 18 established with 1 tx","time":"2018-09-14T08:43:59.000Z","txcount":1,"datahash":"7bb35294ef39f5dd1a65b07879fb5af2fc0a51e5f8eb6650a5d0a7299854d806"}
read_set length 235
write_set size >>>>>>>>> :  0.5007877349853516 MB
Insert sql is INSERT INTO transactions  ( "blockid","txhash","createdt","chaincodename","chaincode_id","status","creator_msp_id","endorser_msp_id","type","read_set","write_set","channel_genesis_hash","validation_code","envelope_signature","payload_extension","creator_nonce","chaincode_proposal_input","endorser_signature","creator_id_bytes","payload_proposal_hash","endorser_id_bytes" ) VALUES( $1,$2,$3,$4,$5,$6,$7,$8,$9,$10,$11,$12,$13,$14,$15,$16,$17,$18,$19,$20,$21  ) RETURNING *;
INSERT ID: 26
Insert sql is INSERT INTO blocks  ( "blocknum","datahash","prehash","txcount","createdt","prev_blockhash","blockhash","channel_genesis_hash" ) VALUES( $1,$2,$3,$4,$5,$6,$7,$8  ) RETURNING *;
INSERT ID: 20
Broadcast >> {"title":"Block 19 Added","type":"block","message":"Block 19 established with 1 tx","time":"2018-09-14T08:48:17.000Z","txcount":1,"datahash":"7bbc60aca1d9d6704b0de5adeb5378e3be3c5c358092343caf51115b3adb61e3"}
read_set length 235
write_set size >>>>>>>>> :  0.5007877349853516 MB
Insert sql is INSERT INTO transactions  ( "blockid","txhash","createdt","chaincodename","chaincode_id","status","creator_msp_id","endorser_msp_id","type","read_set","write_set","channel_genesis_hash","validation_code","envelope_signature","payload_extension","creator_nonce","chaincode_proposal_input","endorser_signature","creator_id_bytes","payload_proposal_hash","endorser_id_bytes" ) VALUES( $1,$2,$3,$4,$5,$6,$7,$8,$9,$10,$11,$12,$13,$14,$15,$16,$17,$18,$19,$20,$21  ) RETURNING *;
INSERT ID: 27
Insert sql is INSERT INTO blocks  ( "blocknum","datahash","prehash","txcount","createdt","prev_blockhash","blockhash","channel_genesis_hash" ) VALUES( $1,$2,$3,$4,$5,$6,$7,$8  ) RETURNING *;
INSERT ID: 21
Broadcast >> {"title":"Block 20 Added","type":"block","message":"Block 20 established with 1 tx","time":"2018-09-14T08:50:57.000Z","txcount":1,"datahash":"ed30f616b8db93ea2af281fbc51afcf8636adac01f2774f6e917aabd355bf2c0"}
read_set length 235
write_set size >>>>>>>>> :  0.5007877349853516 MB
Insert sql is INSERT INTO transactions  ( "blockid","txhash","createdt","chaincodename","chaincode_id","status","creator_msp_id","endorser_msp_id","type","read_set","write_set","channel_genesis_hash","validation_code","envelope_signature","payload_extension","creator_nonce","chaincode_proposal_input","endorser_signature","creator_id_bytes","payload_proposal_hash","endorser_id_bytes" ) VALUES( $1,$2,$3,$4,$5,$6,$7,$8,$9,$10,$11,$12,$13,$14,$15,$16,$17,$18,$19,$20,$21  ) RETURNING *;
INSERT ID: 28
Insert sql is INSERT INTO blocks  ( "blocknum","datahash","prehash","txcount","createdt","prev_blockhash","blockhash","channel_genesis_hash" ) VALUES( $1,$2,$3,$4,$5,$6,$7,$8  ) RETURNING *;
INSERT ID: 22
Broadcast >> {"title":"Block 21 Added","type":"block","message":"Block 21 established with 1 tx","time":"2018-09-14T08:53:16.000Z","txcount":1,"datahash":"78ca5d6aaefdaee8e5dd7c4690a627b01f26df08638f9c5968fd811406e786b2"}
read_set length 235
write_set size >>>>>>>>> :  0.5007877349853516 MB
Insert sql is INSERT INTO transactions  ( "blockid","txhash","createdt","chaincodename","chaincode_id","status","creator_msp_id","endorser_msp_id","type","read_set","write_set","channel_genesis_hash","validation_code","envelope_signature","payload_extension","creator_nonce","chaincode_proposal_input","endorser_signature","creator_id_bytes","payload_proposal_hash","endorser_id_bytes" ) VALUES( $1,$2,$3,$4,$5,$6,$7,$8,$9,$10,$11,$12,$13,$14,$15,$16,$17,$18,$19,$20,$21  ) RETURNING *;
INSERT ID: 29
Insert sql is INSERT INTO blocks  ( "blocknum","datahash","prehash","txcount","createdt","prev_blockhash","blockhash","channel_genesis_hash" ) VALUES( $1,$2,$3,$4,$5,$6,$7,$8  ) RETURNING *;
INSERT ID: 23
Broadcast >> {"title":"Block 22 Added","type":"block","message":"Block 22 established with 1 tx","time":"2018-09-14T08:54:15.000Z","txcount":1,"datahash":"a0d1b189a79f31e8e99c45483b7227697ac6223e04df13a89ac67544164a075f"}
read_set length 235
write_set size >>>>>>>>> :  0.5007877349853516 MB
Insert sql is INSERT INTO transactions  ( "blockid","txhash","createdt","chaincodename","chaincode_id","status","creator_msp_id","endorser_msp_id","type","read_set","write_set","channel_genesis_hash","validation_code","envelope_signature","payload_extension","creator_nonce","chaincode_proposal_input","endorser_signature","creator_id_bytes","payload_proposal_hash","endorser_id_bytes" ) VALUES( $1,$2,$3,$4,$5,$6,$7,$8,$9,$10,$11,$12,$13,$14,$15,$16,$17,$18,$19,$20,$21  ) RETURNING *;
INSERT ID: 30
Insert sql is INSERT INTO blocks  ( "blocknum","datahash","prehash","txcount","createdt","prev_blockhash","blockhash","channel_genesis_hash" ) VALUES( $1,$2,$3,$4,$5,$6,$7,$8  ) RETURNING *;
INSERT ID: 24
Broadcast >> {"title":"Block 23 Added","type":"block","message":"Block 23 established with 1 tx","time":"2018-09-14T09:07:32.000Z","txcount":1,"datahash":"1e93217f750c7a45d0354e83a4fb63261f0f570b011894b03fcefa33bfd56b41"}
read_set length 235
write_set size >>>>>>>>> :  0.5007877349853516 MB
Insert sql is INSERT INTO transactions  ( "blockid","txhash","createdt","chaincodename","chaincode_id","status","creator_msp_id","endorser_msp_id","type","read_set","write_set","channel_genesis_hash","validation_code","envelope_signature","payload_extension","creator_nonce","chaincode_proposal_input","endorser_signature","creator_id_bytes","payload_proposal_hash","endorser_id_bytes" ) VALUES( $1,$2,$3,$4,$5,$6,$7,$8,$9,$10,$11,$12,$13,$14,$15,$16,$17,$18,$19,$20,$21  ) RETURNING *;
INSERT ID: 31
Insert sql is INSERT INTO blocks  ( "blocknum","datahash","prehash","txcount","createdt","prev_blockhash","blockhash","channel_genesis_hash" ) VALUES( $1,$2,$3,$4,$5,$6,$7,$8  ) RETURNING *;
INSERT ID: 25
Broadcast >> {"title":"Block 24 Added","type":"block","message":"Block 24 established with 1 tx","time":"2018-09-14T09:08:28.000Z","txcount":1,"datahash":"3ce807b2a09ff6734b4362ebc3e1abc9d1fb676caf6b62016f03f2ef7933dec2"}
read_set length 235
write_set size >>>>>>>>> :  0.5007877349853516 MB
Insert sql is INSERT INTO transactions  ( "blockid","txhash","createdt","chaincodename","chaincode_id","status","creator_msp_id","endorser_msp_id","type","read_set","write_set","channel_genesis_hash","validation_code","envelope_signature","payload_extension","creator_nonce","chaincode_proposal_input","endorser_signature","creator_id_bytes","payload_proposal_hash","endorser_id_bytes" ) VALUES( $1,$2,$3,$4,$5,$6,$7,$8,$9,$10,$11,$12,$13,$14,$15,$16,$17,$18,$19,$20,$21  ) RETURNING *;
INSERT ID: 32
Insert sql is INSERT INTO blocks  ( "blocknum","datahash","prehash","txcount","createdt","prev_blockhash","blockhash","channel_genesis_hash" ) VALUES( $1,$2,$3,$4,$5,$6,$7,$8  ) RETURNING *;
INSERT ID: 26
Broadcast >> {"title":"Block 25 Added","type":"block","message":"Block 25 established with 1 tx","time":"2018-09-14T09:09:46.000Z","txcount":1,"datahash":"96dbe86842ffe10d9e96d8b25edd414c67c9d604090bb4dc4c2ef7c0462e7990"}
read_set length 235
write_set size >>>>>>>>> :  0.5007877349853516 MB
Insert sql is INSERT INTO transactions  ( "blockid","txhash","createdt","chaincodename","chaincode_id","status","creator_msp_id","endorser_msp_id","type","read_set","write_set","channel_genesis_hash","validation_code","envelope_signature","payload_extension","creator_nonce","chaincode_proposal_input","endorser_signature","creator_id_bytes","payload_proposal_hash","endorser_id_bytes" ) VALUES( $1,$2,$3,$4,$5,$6,$7,$8,$9,$10,$11,$12,$13,$14,$15,$16,$17,$18,$19,$20,$21  ) RETURNING *;
INSERT ID: 33
Insert sql is INSERT INTO blocks  ( "blocknum","datahash","prehash","txcount","createdt","prev_blockhash","blockhash","channel_genesis_hash" ) VALUES( $1,$2,$3,$4,$5,$6,$7,$8  ) RETURNING *;
INSERT ID: 27
Broadcast >> {"title":"Block 26 Added","type":"block","message":"Block 26 established with 1 tx","time":"2018-09-14T09:14:23.000Z","txcount":1,"datahash":"961497c62356d6bac1df494e559b030eeeafc39081a6d9bd713e3c2b5ca04b2a"}
read_set length 364
write_set size >>>>>>>>> :  0.5007877349853516 MB
Insert sql is INSERT INTO transactions  ( "blockid","txhash","createdt","chaincodename","chaincode_id","status","creator_msp_id","endorser_msp_id","type","read_set","write_set","channel_genesis_hash","validation_code","envelope_signature","payload_extension","creator_nonce","chaincode_proposal_input","endorser_signature","creator_id_bytes","payload_proposal_hash","endorser_id_bytes" ) VALUES( $1,$2,$3,$4,$5,$6,$7,$8,$9,$10,$11,$12,$13,$14,$15,$16,$17,$18,$19,$20,$21  ) RETURNING *;
INSERT ID: 34
read_set length 364
write_set size >>>>>>>>> :  0.5007877349853516 MB
Insert sql is INSERT INTO transactions  ( "blockid","txhash","createdt","chaincodename","chaincode_id","status","creator_msp_id","endorser_msp_id","type","read_set","write_set","channel_genesis_hash","validation_code","envelope_signature","payload_extension","creator_nonce","chaincode_proposal_input","endorser_signature","creator_id_bytes","payload_proposal_hash","endorser_id_bytes" ) VALUES( $1,$2,$3,$4,$5,$6,$7,$8,$9,$10,$11,$12,$13,$14,$15,$16,$17,$18,$19,$20,$21  ) RETURNING *;
INSERT ID: 35
Insert sql is INSERT INTO blocks  ( "blocknum","datahash","prehash","txcount","createdt","prev_blockhash","blockhash","channel_genesis_hash" ) VALUES( $1,$2,$3,$4,$5,$6,$7,$8  ) RETURNING *;
INSERT ID: 28
Broadcast >> {"title":"Block 27 Added","type":"block","message":"Block 27 established with 2 tx","time":"2018-09-14T09:15:17.000Z","txcount":2,"datahash":"4ed5fc614e6e5ab3aa92bdc1ff639d4e982ebd4a46310f9a1de4d6351c71a0ae"}
read_set length 364
write_set size >>>>>>>>> :  0.5007877349853516 MB
Insert sql is INSERT INTO transactions  ( "blockid","txhash","createdt","chaincodename","chaincode_id","status","creator_msp_id","endorser_msp_id","type","read_set","write_set","channel_genesis_hash","validation_code","envelope_signature","payload_extension","creator_nonce","chaincode_proposal_input","endorser_signature","creator_id_bytes","payload_proposal_hash","endorser_id_bytes" ) VALUES( $1,$2,$3,$4,$5,$6,$7,$8,$9,$10,$11,$12,$13,$14,$15,$16,$17,$18,$19,$20,$21  ) RETURNING *;
INSERT ID: 36
read_set length 364
write_set size >>>>>>>>> :  0.5007877349853516 MB
Insert sql is INSERT INTO transactions  ( "blockid","txhash","createdt","chaincodename","chaincode_id","status","creator_msp_id","endorser_msp_id","type","read_set","write_set","channel_genesis_hash","validation_code","envelope_signature","payload_extension","creator_nonce","chaincode_proposal_input","endorser_signature","creator_id_bytes","payload_proposal_hash","endorser_id_bytes" ) VALUES( $1,$2,$3,$4,$5,$6,$7,$8,$9,$10,$11,$12,$13,$14,$15,$16,$17,$18,$19,$20,$21  ) RETURNING *;
INSERT ID: 37
read_set length 364
write_set size >>>>>>>>> :  0.5007877349853516 MB
Insert sql is INSERT INTO transactions  ( "blockid","txhash","createdt","chaincodename","chaincode_id","status","creator_msp_id","endorser_msp_id","type","read_set","write_set","channel_genesis_hash","validation_code","envelope_signature","payload_extension","creator_nonce","chaincode_proposal_input","endorser_signature","creator_id_bytes","payload_proposal_hash","endorser_id_bytes" ) VALUES( $1,$2,$3,$4,$5,$6,$7,$8,$9,$10,$11,$12,$13,$14,$15,$16,$17,$18,$19,$20,$21  ) RETURNING *;
INSERT ID: 38
Insert sql is INSERT INTO blocks  ( "blocknum","datahash","prehash","txcount","createdt","prev_blockhash","blockhash","channel_genesis_hash" ) VALUES( $1,$2,$3,$4,$5,$6,$7,$8  ) RETURNING *;
INSERT ID: 29
read_set length 364
write_set size >>>>>>>>> :  0.5007877349853516 MB
Insert sql is INSERT INTO transactions  ( "blockid","txhash","createdt","chaincodename","chaincode_id","status","creator_msp_id","endorser_msp_id","type","read_set","write_set","channel_genesis_hash","validation_code","envelope_signature","payload_extension","creator_nonce","chaincode_proposal_input","endorser_signature","creator_id_bytes","payload_proposal_hash","endorser_id_bytes" ) VALUES( $1,$2,$3,$4,$5,$6,$7,$8,$9,$10,$11,$12,$13,$14,$15,$16,$17,$18,$19,$20,$21  ) RETURNING *;
INSERT ID: 39
read_set length 364
write_set size >>>>>>>>> :  0.5007877349853516 MB
Insert sql is INSERT INTO transactions  ( "blockid","txhash","createdt","chaincodename","chaincode_id","status","creator_msp_id","endorser_msp_id","type","read_set","write_set","channel_genesis_hash","validation_code","envelope_signature","payload_extension","creator_nonce","chaincode_proposal_input","endorser_signature","creator_id_bytes","payload_proposal_hash","endorser_id_bytes" ) VALUES( $1,$2,$3,$4,$5,$6,$7,$8,$9,$10,$11,$12,$13,$14,$15,$16,$17,$18,$19,$20,$21  ) RETURNING *;
INSERT ID: 40
Insert sql is INSERT INTO blocks  ( "blocknum","datahash","prehash","txcount","createdt","prev_blockhash","blockhash","channel_genesis_hash" ) VALUES( $1,$2,$3,$4,$5,$6,$7,$8  ) RETURNING *;
INSERT ID: 30
Broadcast >> {"title":"Block 28 Added","type":"block","message":"Block 28 established with 3 tx","time":"2018-09-14T09:15:20.000Z","txcount":3,"datahash":"c5e2a52d15a771a5fd0390c9bb64049020677bf5b52448df3211bbdebc2a47ba"}
Broadcast >> {"title":"Block 29 Added","type":"block","message":"Block 29 established with 2 tx","time":"2018-09-14T09:15:23.000Z","txcount":2,"datahash":"40550e068d4d015f8266ca72c023a4b9d449fad712aeb0f29b68398bdd837a65"}
read_set length 364
write_set size >>>>>>>>> :  0.5007877349853516 MB
Insert sql is INSERT INTO transactions  ( "blockid","txhash","createdt","chaincodename","chaincode_id","status","creator_msp_id","endorser_msp_id","type","read_set","write_set","channel_genesis_hash","validation_code","envelope_signature","payload_extension","creator_nonce","chaincode_proposal_input","endorser_signature","creator_id_bytes","payload_proposal_hash","endorser_id_bytes" ) VALUES( $1,$2,$3,$4,$5,$6,$7,$8,$9,$10,$11,$12,$13,$14,$15,$16,$17,$18,$19,$20,$21  ) RETURNING *;
INSERT ID: 41
Insert sql is INSERT INTO blocks  ( "blocknum","datahash","prehash","txcount","createdt","prev_blockhash","blockhash","channel_genesis_hash" ) VALUES( $1,$2,$3,$4,$5,$6,$7,$8  ) RETURNING *;
INSERT ID: 31
Broadcast >> {"title":"Block 30 Added","type":"block","message":"Block 30 established with 1 tx","time":"2018-09-14T09:15:25.000Z","txcount":1,"datahash":"b8b4a63a97526f264482abc37068b01239eac2c79236de5fbcf8439f6b56713d"}
read_set length 364
write_set size >>>>>>>>> :  0.5007877349853516 MB
Insert sql is INSERT INTO transactions  ( "blockid","txhash","createdt","chaincodename","chaincode_id","status","creator_msp_id","endorser_msp_id","type","read_set","write_set","channel_genesis_hash","validation_code","envelope_signature","payload_extension","creator_nonce","chaincode_proposal_input","endorser_signature","creator_id_bytes","payload_proposal_hash","endorser_id_bytes" ) VALUES( $1,$2,$3,$4,$5,$6,$7,$8,$9,$10,$11,$12,$13,$14,$15,$16,$17,$18,$19,$20,$21  ) RETURNING *;
INSERT ID: 42
Insert sql is INSERT INTO blocks  ( "blocknum","datahash","prehash","txcount","createdt","prev_blockhash","blockhash","channel_genesis_hash" ) VALUES( $1,$2,$3,$4,$5,$6,$7,$8  ) RETURNING *;
INSERT ID: 32
Broadcast >> {"title":"Block 31 Added","type":"block","message":"Block 31 established with 1 tx","time":"2018-09-14T09:15:29.000Z","txcount":1,"datahash":"e4af101777ed5265282e4413f7133522e886c01c99d1a50367f0c3a717022ec5"}
read_set length 235
write_set size >>>>>>>>> :  0.5007877349853516 MB
Insert sql is INSERT INTO transactions  ( "blockid","txhash","createdt","chaincodename","chaincode_id","status","creator_msp_id","endorser_msp_id","type","read_set","write_set","channel_genesis_hash","validation_code","envelope_signature","payload_extension","creator_nonce","chaincode_proposal_input","endorser_signature","creator_id_bytes","payload_proposal_hash","endorser_id_bytes" ) VALUES( $1,$2,$3,$4,$5,$6,$7,$8,$9,$10,$11,$12,$13,$14,$15,$16,$17,$18,$19,$20,$21  ) RETURNING *;
INSERT ID: 43
Insert sql is INSERT INTO blocks  ( "blocknum","datahash","prehash","txcount","createdt","prev_blockhash","blockhash","channel_genesis_hash" ) VALUES( $1,$2,$3,$4,$5,$6,$7,$8  ) RETURNING *;
INSERT ID: 33
Broadcast >> {"title":"Block 32 Added","type":"block","message":"Block 32 established with 1 tx","time":"2018-09-14T09:21:58.000Z","txcount":1,"datahash":"6d8fe27b09d77fbc000fb239528184169258518e8744ff2b60efbf529cf2f6fe"}
read_set length 235
write_set size >>>>>>>>> :  0.5007877349853516 MB
Insert sql is INSERT INTO transactions  ( "blockid","txhash","createdt","chaincodename","chaincode_id","status","creator_msp_id","endorser_msp_id","type","read_set","write_set","channel_genesis_hash","validation_code","envelope_signature","payload_extension","creator_nonce","chaincode_proposal_input","endorser_signature","creator_id_bytes","payload_proposal_hash","endorser_id_bytes" ) VALUES( $1,$2,$3,$4,$5,$6,$7,$8,$9,$10,$11,$12,$13,$14,$15,$16,$17,$18,$19,$20,$21  ) RETURNING *;
INSERT ID: 44
Insert sql is INSERT INTO blocks  ( "blocknum","datahash","prehash","txcount","createdt","prev_blockhash","blockhash","channel_genesis_hash" ) VALUES( $1,$2,$3,$4,$5,$6,$7,$8  ) RETURNING *;
INSERT ID: 34
Broadcast >> {"title":"Block 33 Added","type":"block","message":"Block 33 established with 1 tx","time":"2018-09-14T09:23:01.000Z","txcount":1,"datahash":"1431805d3fd928f09b3427731a56cca82adaa944cdcc3814711ae1c6c8ecdab0"}
read_set length 235
write_set size >>>>>>>>> :  0.5007877349853516 MB
Insert sql is INSERT INTO transactions  ( "blockid","txhash","createdt","chaincodename","chaincode_id","status","creator_msp_id","endorser_msp_id","type","read_set","write_set","channel_genesis_hash","validation_code","envelope_signature","payload_extension","creator_nonce","chaincode_proposal_input","endorser_signature","creator_id_bytes","payload_proposal_hash","endorser_id_bytes" ) VALUES( $1,$2,$3,$4,$5,$6,$7,$8,$9,$10,$11,$12,$13,$14,$15,$16,$17,$18,$19,$20,$21  ) RETURNING *;
INSERT ID: 45
Insert sql is INSERT INTO blocks  ( "blocknum","datahash","prehash","txcount","createdt","prev_blockhash","blockhash","channel_genesis_hash" ) VALUES( $1,$2,$3,$4,$5,$6,$7,$8  ) RETURNING *;
INSERT ID: 35
Broadcast >> {"title":"Block 34 Added","type":"block","message":"Block 34 established with 1 tx","time":"2018-09-14T09:33:17.000Z","txcount":1,"datahash":"2786dab9ece897b0c2f3763fdd80a56e36f683085146395c8b999fe737fcf8e5"}
read_set length 235
write_set size >>>>>>>>> :  0.5007877349853516 MB
Insert sql is INSERT INTO transactions  ( "blockid","txhash","createdt","chaincodename","chaincode_id","status","creator_msp_id","endorser_msp_id","type","read_set","write_set","channel_genesis_hash","validation_code","envelope_signature","payload_extension","creator_nonce","chaincode_proposal_input","endorser_signature","creator_id_bytes","payload_proposal_hash","endorser_id_bytes" ) VALUES( $1,$2,$3,$4,$5,$6,$7,$8,$9,$10,$11,$12,$13,$14,$15,$16,$17,$18,$19,$20,$21  ) RETURNING *;
INSERT ID: 46
Insert sql is INSERT INTO blocks  ( "blocknum","datahash","prehash","txcount","createdt","prev_blockhash","blockhash","channel_genesis_hash" ) VALUES( $1,$2,$3,$4,$5,$6,$7,$8  ) RETURNING *;
INSERT ID: 36
Broadcast >> {"title":"Block 35 Added","type":"block","message":"Block 35 established with 1 tx","time":"2018-09-14T09:33:55.000Z","txcount":1,"datahash":"41e134689db9f3b143758087c14a71e61ba315a9ecc7ac0ccbf83cf72211e9ef"}
read_set length 235
write_set size >>>>>>>>> :  0.5007877349853516 MB
Insert sql is INSERT INTO transactions  ( "blockid","txhash","createdt","chaincodename","chaincode_id","status","creator_msp_id","endorser_msp_id","type","read_set","write_set","channel_genesis_hash","validation_code","envelope_signature","payload_extension","creator_nonce","chaincode_proposal_input","endorser_signature","creator_id_bytes","payload_proposal_hash","endorser_id_bytes" ) VALUES( $1,$2,$3,$4,$5,$6,$7,$8,$9,$10,$11,$12,$13,$14,$15,$16,$17,$18,$19,$20,$21  ) RETURNING *;
INSERT ID: 47
Insert sql is INSERT INTO blocks  ( "blocknum","datahash","prehash","txcount","createdt","prev_blockhash","blockhash","channel_genesis_hash" ) VALUES( $1,$2,$3,$4,$5,$6,$7,$8  ) RETURNING *;
INSERT ID: 37
Broadcast >> {"title":"Block 36 Added","type":"block","message":"Block 36 established with 1 tx","time":"2018-09-14T09:44:16.000Z","txcount":1,"datahash":"cfdd722f02cb9f5fb15f6b5cbe31ddca8b6a2469d7f72bcac93ef50a8c47bdd9"}
read_set length 235
write_set size >>>>>>>>> :  0.5007877349853516 MB
Insert sql is INSERT INTO transactions  ( "blockid","txhash","createdt","chaincodename","chaincode_id","status","creator_msp_id","endorser_msp_id","type","read_set","write_set","channel_genesis_hash","validation_code","envelope_signature","payload_extension","creator_nonce","chaincode_proposal_input","endorser_signature","creator_id_bytes","payload_proposal_hash","endorser_id_bytes" ) VALUES( $1,$2,$3,$4,$5,$6,$7,$8,$9,$10,$11,$12,$13,$14,$15,$16,$17,$18,$19,$20,$21  ) RETURNING *;
INSERT ID: 48
Insert sql is INSERT INTO blocks  ( "blocknum","datahash","prehash","txcount","createdt","prev_blockhash","blockhash","channel_genesis_hash" ) VALUES( $1,$2,$3,$4,$5,$6,$7,$8  ) RETURNING *;
INSERT ID: 38
Broadcast >> {"title":"Block 37 Added","type":"block","message":"Block 37 established with 1 tx","time":"2018-09-14T09:44:57.000Z","txcount":1,"datahash":"f07c95a3e713fe6b9d1e92b17e15910e5639ae02903965ea1a3028f803a5c85d"}
read_set length 235
write_set size >>>>>>>>> :  0.5007877349853516 MB
Insert sql is INSERT INTO transactions  ( "blockid","txhash","createdt","chaincodename","chaincode_id","status","creator_msp_id","endorser_msp_id","type","read_set","write_set","channel_genesis_hash","validation_code","envelope_signature","payload_extension","creator_nonce","chaincode_proposal_input","endorser_signature","creator_id_bytes","payload_proposal_hash","endorser_id_bytes" ) VALUES( $1,$2,$3,$4,$5,$6,$7,$8,$9,$10,$11,$12,$13,$14,$15,$16,$17,$18,$19,$20,$21  ) RETURNING *;
INSERT ID: 49
Insert sql is INSERT INTO blocks  ( "blocknum","datahash","prehash","txcount","createdt","prev_blockhash","blockhash","channel_genesis_hash" ) VALUES( $1,$2,$3,$4,$5,$6,$7,$8  ) RETURNING *;
INSERT ID: 39
Broadcast >> {"title":"Block 38 Added","type":"block","message":"Block 38 established with 1 tx","time":"2018-09-14T09:45:32.000Z","txcount":1,"datahash":"8af1b4854eef15c8e47f56fc136a8a069dab9bbf19ad64ca5697cbe51c25b02b"}
read_set length 235
write_set size >>>>>>>>> :  0.5007877349853516 MB
Insert sql is INSERT INTO transactions  ( "blockid","txhash","createdt","chaincodename","chaincode_id","status","creator_msp_id","endorser_msp_id","type","read_set","write_set","channel_genesis_hash","validation_code","envelope_signature","payload_extension","creator_nonce","chaincode_proposal_input","endorser_signature","creator_id_bytes","payload_proposal_hash","endorser_id_bytes" ) VALUES( $1,$2,$3,$4,$5,$6,$7,$8,$9,$10,$11,$12,$13,$14,$15,$16,$17,$18,$19,$20,$21  ) RETURNING *;
INSERT ID: 50
Insert sql is INSERT INTO blocks  ( "blocknum","datahash","prehash","txcount","createdt","prev_blockhash","blockhash","channel_genesis_hash" ) VALUES( $1,$2,$3,$4,$5,$6,$7,$8  ) RETURNING *;
INSERT ID: 40
Broadcast >> {"title":"Block 39 Added","type":"block","message":"Block 39 established with 1 tx","time":"2018-09-14T09:50:43.000Z","txcount":1,"datahash":"d753feae05b244a3ad4c450dd6bb1d26d592168c343c2c7825f665125c3c5ec2"}
read_set length 364
write_set size >>>>>>>>> :  0.5007877349853516 MB
Insert sql is INSERT INTO transactions  ( "blockid","txhash","createdt","chaincodename","chaincode_id","status","creator_msp_id","endorser_msp_id","type","read_set","write_set","channel_genesis_hash","validation_code","envelope_signature","payload_extension","creator_nonce","chaincode_proposal_input","endorser_signature","creator_id_bytes","payload_proposal_hash","endorser_id_bytes" ) VALUES( $1,$2,$3,$4,$5,$6,$7,$8,$9,$10,$11,$12,$13,$14,$15,$16,$17,$18,$19,$20,$21  ) RETURNING *;
INSERT ID: 51
Insert sql is INSERT INTO blocks  ( "blocknum","datahash","prehash","txcount","createdt","prev_blockhash","blockhash","channel_genesis_hash" ) VALUES( $1,$2,$3,$4,$5,$6,$7,$8  ) RETURNING *;
INSERT ID: 41
Broadcast >> {"title":"Block 40 Added","type":"block","message":"Block 40 established with 1 tx","time":"2018-09-14T09:51:19.000Z","txcount":1,"datahash":"bbeeb066fef2c767896dbc2b4fcd518e73d18b4f3ca0481fc33c96345085a37a"}
read_set length 364
write_set size >>>>>>>>> :  0.5007877349853516 MB
Insert sql is INSERT INTO transactions  ( "blockid","txhash","createdt","chaincodename","chaincode_id","status","creator_msp_id","endorser_msp_id","type","read_set","write_set","channel_genesis_hash","validation_code","envelope_signature","payload_extension","creator_nonce","chaincode_proposal_input","endorser_signature","creator_id_bytes","payload_proposal_hash","endorser_id_bytes" ) VALUES( $1,$2,$3,$4,$5,$6,$7,$8,$9,$10,$11,$12,$13,$14,$15,$16,$17,$18,$19,$20,$21  ) RETURNING *;
INSERT ID: 52
Insert sql is INSERT INTO blocks  ( "blocknum","datahash","prehash","txcount","createdt","prev_blockhash","blockhash","channel_genesis_hash" ) VALUES( $1,$2,$3,$4,$5,$6,$7,$8  ) RETURNING *;
INSERT ID: 42
Broadcast >> {"title":"Block 41 Added","type":"block","message":"Block 41 established with 1 tx","time":"2018-09-14T09:51:22.000Z","txcount":1,"datahash":"9e662f78a761cb54fca2c5116386b0ed61794e81f1e399c0294ae2c2881139ea"}
read_set length 364
write_set size >>>>>>>>> :  0.5007877349853516 MB
Insert sql is INSERT INTO transactions  ( "blockid","txhash","createdt","chaincodename","chaincode_id","status","creator_msp_id","endorser_msp_id","type","read_set","write_set","channel_genesis_hash","validation_code","envelope_signature","payload_extension","creator_nonce","chaincode_proposal_input","endorser_signature","creator_id_bytes","payload_proposal_hash","endorser_id_bytes" ) VALUES( $1,$2,$3,$4,$5,$6,$7,$8,$9,$10,$11,$12,$13,$14,$15,$16,$17,$18,$19,$20,$21  ) RETURNING *;
INSERT ID: 53
Insert sql is INSERT INTO blocks  ( "blocknum","datahash","prehash","txcount","createdt","prev_blockhash","blockhash","channel_genesis_hash" ) VALUES( $1,$2,$3,$4,$5,$6,$7,$8  ) RETURNING *;
INSERT ID: 43
Broadcast >> {"title":"Block 42 Added","type":"block","message":"Block 42 established with 1 tx","time":"2018-09-14T09:59:29.000Z","txcount":1,"datahash":"33b6b6eaeaadf9faa92bcd0e84c13047004f205f34d58a2a28df5aab6b7e3549"}
read_set length 364
write_set size >>>>>>>>> :  0.5007877349853516 MB
Insert sql is INSERT INTO transactions  ( "blockid","txhash","createdt","chaincodename","chaincode_id","status","creator_msp_id","endorser_msp_id","type","read_set","write_set","channel_genesis_hash","validation_code","envelope_signature","payload_extension","creator_nonce","chaincode_proposal_input","endorser_signature","creator_id_bytes","payload_proposal_hash","endorser_id_bytes" ) VALUES( $1,$2,$3,$4,$5,$6,$7,$8,$9,$10,$11,$12,$13,$14,$15,$16,$17,$18,$19,$20,$21  ) RETURNING *;
INSERT ID: 54
Insert sql is INSERT INTO blocks  ( "blocknum","datahash","prehash","txcount","createdt","prev_blockhash","blockhash","channel_genesis_hash" ) VALUES( $1,$2,$3,$4,$5,$6,$7,$8  ) RETURNING *;
INSERT ID: 44
Broadcast >> {"title":"Block 43 Added","type":"block","message":"Block 43 established with 1 tx","time":"2018-09-14T10:00:08.000Z","txcount":1,"datahash":"483d9560e8e2c4fd5235c979101d007c80df7ee1572f17beb8c81c8b054eaf32"}
read_set length 364
write_set size >>>>>>>>> :  0.5007877349853516 MB
Insert sql is INSERT INTO transactions  ( "blockid","txhash","createdt","chaincodename","chaincode_id","status","creator_msp_id","endorser_msp_id","type","read_set","write_set","channel_genesis_hash","validation_code","envelope_signature","payload_extension","creator_nonce","chaincode_proposal_input","endorser_signature","creator_id_bytes","payload_proposal_hash","endorser_id_bytes" ) VALUES( $1,$2,$3,$4,$5,$6,$7,$8,$9,$10,$11,$12,$13,$14,$15,$16,$17,$18,$19,$20,$21  ) RETURNING *;
INSERT ID: 55
Insert sql is INSERT INTO blocks  ( "blocknum","datahash","prehash","txcount","createdt","prev_blockhash","blockhash","channel_genesis_hash" ) VALUES( $1,$2,$3,$4,$5,$6,$7,$8  ) RETURNING *;
INSERT ID: 45
Broadcast >> {"title":"Block 44 Added","type":"block","message":"Block 44 established with 1 tx","time":"2018-09-14T10:00:38.000Z","txcount":1,"datahash":"1fff8ed8601d63c5dd833e1f7f21b357e9eac728917810d7e66b8272cb34d49b"}
read_set length 364
write_set size >>>>>>>>> :  0.5007877349853516 MB
Insert sql is INSERT INTO transactions  ( "blockid","txhash","createdt","chaincodename","chaincode_id","status","creator_msp_id","endorser_msp_id","type","read_set","write_set","channel_genesis_hash","validation_code","envelope_signature","payload_extension","creator_nonce","chaincode_proposal_input","endorser_signature","creator_id_bytes","payload_proposal_hash","endorser_id_bytes" ) VALUES( $1,$2,$3,$4,$5,$6,$7,$8,$9,$10,$11,$12,$13,$14,$15,$16,$17,$18,$19,$20,$21  ) RETURNING *;
INSERT ID: 56
Insert sql is INSERT INTO blocks  ( "blocknum","datahash","prehash","txcount","createdt","prev_blockhash","blockhash","channel_genesis_hash" ) VALUES( $1,$2,$3,$4,$5,$6,$7,$8  ) RETURNING *;
INSERT ID: 46
Broadcast >> {"title":"Block 45 Added","type":"block","message":"Block 45 established with 1 tx","time":"2018-09-14T10:00:43.000Z","txcount":1,"datahash":"e8bb64f2cd0d9313dd8d449cc605fa35801ced7f8fde72dd485470393e0231e9"}
read_set length 364
write_set size >>>>>>>>> :  0.5007877349853516 MB
Insert sql is INSERT INTO transactions  ( "blockid","txhash","createdt","chaincodename","chaincode_id","status","creator_msp_id","endorser_msp_id","type","read_set","write_set","channel_genesis_hash","validation_code","envelope_signature","payload_extension","creator_nonce","chaincode_proposal_input","endorser_signature","creator_id_bytes","payload_proposal_hash","endorser_id_bytes" ) VALUES( $1,$2,$3,$4,$5,$6,$7,$8,$9,$10,$11,$12,$13,$14,$15,$16,$17,$18,$19,$20,$21  ) RETURNING *;
INSERT ID: 57
Insert sql is INSERT INTO blocks  ( "blocknum","datahash","prehash","txcount","createdt","prev_blockhash","blockhash","channel_genesis_hash" ) VALUES( $1,$2,$3,$4,$5,$6,$7,$8  ) RETURNING *;
INSERT ID: 47
Broadcast >> {"title":"Block 46 Added","type":"block","message":"Block 46 established with 1 tx","time":"2018-09-14T10:00:46.000Z","txcount":1,"datahash":"55bfc302b3501a6f74ffb8817b58fcaffc333bf7bbc5beb359c2a43c74aeda78"}
Received kill signal, shutting down gracefully
<<<<<<<<<<<<<<<<<<<<<<<<<< Closing client processor >>>>>>>>>>>>>>>>>>>>>
<<<<<<<<<<<<<<<<<<<<<<<<<< Closing explorer  >>>>>>>>>>>>>>>>>>>>>
Closed out connections
<<<<<<<<<<<<<<<<<<<<<<<<<< Closing client processor >>>>>>>>>>>>>>>>>>>>>
